<?xml version="1.0" encoding="UTF-8"?>
<testsuite xmlns:xsi="http://www.w3.org/2001/XMLSchema-instance" xsi:noNamespaceSchemaLocation="https://maven.apache.org/surefire/maven-surefire-plugin/xsd/surefire-test-report-3.0.xsd" version="3.0" name="com.example.InodeTest" time="0.077" tests="11" errors="0" skipped="0" failures="0">
  <properties>
    <property name="java.specification.version" value="17"/>
    <property name="sun.jnu.encoding" value="UTF-8"/>
    <property name="java.class.path" value="/home/nmdr/projects/css430/Project5UnitTest/filesystem_unit_test/target/test-classes:/home/nmdr/projects/css430/Project5UnitTest/filesystem_unit_test/target/classes:/home/nmdr/.m2/repository/org/junit/jupiter/junit-jupiter-api/5.10.1/junit-jupiter-api-5.10.1.jar:/home/nmdr/.m2/repository/org/opentest4j/opentest4j/1.3.0/opentest4j-1.3.0.jar:/home/nmdr/.m2/repository/org/junit/platform/junit-platform-commons/1.10.1/junit-platform-commons-1.10.1.jar:/home/nmdr/.m2/repository/org/apiguardian/apiguardian-api/1.1.2/apiguardian-api-1.1.2.jar:/home/nmdr/.m2/repository/org/junit/platform/junit-platform-suite-api/1.10.1/junit-platform-suite-api-1.10.1.jar:/home/nmdr/.m2/repository/org/mockito/mockito-core/5.8.0/mockito-core-5.8.0.jar:/home/nmdr/.m2/repository/net/bytebuddy/byte-buddy/1.14.10/byte-buddy-1.14.10.jar:/home/nmdr/.m2/repository/net/bytebuddy/byte-buddy-agent/1.14.10/byte-buddy-agent-1.14.10.jar:/home/nmdr/.m2/repository/org/objenesis/objenesis/3.3/objenesis-3.3.jar:/home/nmdr/.m2/repository/org/mockito/mockito-junit-jupiter/5.8.0/mockito-junit-jupiter-5.8.0.jar:"/>
    <property name="java.vm.vendor" value="Ubuntu"/>
    <property name="sun.arch.data.model" value="64"/>
    <property name="java.vendor.url" value="https://ubuntu.com/"/>
    <property name="user.timezone" value="Etc/UTC"/>
    <property name="os.name" value="Linux"/>
    <property name="java.vm.specification.version" value="17"/>
    <property name="sun.java.launcher" value="SUN_STANDARD"/>
    <property name="user.country" value="US"/>
    <property name="sun.boot.library.path" value="/usr/lib/jvm/java-17-openjdk-amd64/lib"/>
    <property name="sun.java.command" value="/home/nmdr/projects/css430/Project5UnitTest/filesystem_unit_test/target/surefire/surefirebooter-20250320193524475_3.jar /home/nmdr/projects/css430/Project5UnitTest/filesystem_unit_test/target/surefire 2025-03-20T19-35-24_228-jvmRun1 surefire-20250320193524475_1tmp surefire_0-20250320193524475_2tmp"/>
    <property name="jdk.debug" value="release"/>
    <property name="surefire.test.class.path" value="/home/nmdr/projects/css430/Project5UnitTest/filesystem_unit_test/target/test-classes:/home/nmdr/projects/css430/Project5UnitTest/filesystem_unit_test/target/classes:/home/nmdr/.m2/repository/org/junit/jupiter/junit-jupiter-api/5.10.1/junit-jupiter-api-5.10.1.jar:/home/nmdr/.m2/repository/org/opentest4j/opentest4j/1.3.0/opentest4j-1.3.0.jar:/home/nmdr/.m2/repository/org/junit/platform/junit-platform-commons/1.10.1/junit-platform-commons-1.10.1.jar:/home/nmdr/.m2/repository/org/apiguardian/apiguardian-api/1.1.2/apiguardian-api-1.1.2.jar:/home/nmdr/.m2/repository/org/junit/platform/junit-platform-suite-api/1.10.1/junit-platform-suite-api-1.10.1.jar:/home/nmdr/.m2/repository/org/mockito/mockito-core/5.8.0/mockito-core-5.8.0.jar:/home/nmdr/.m2/repository/net/bytebuddy/byte-buddy/1.14.10/byte-buddy-1.14.10.jar:/home/nmdr/.m2/repository/net/bytebuddy/byte-buddy-agent/1.14.10/byte-buddy-agent-1.14.10.jar:/home/nmdr/.m2/repository/org/objenesis/objenesis/3.3/objenesis-3.3.jar:/home/nmdr/.m2/repository/org/mockito/mockito-junit-jupiter/5.8.0/mockito-junit-jupiter-5.8.0.jar:"/>
    <property name="sun.cpu.endian" value="little"/>
    <property name="user.home" value="/home/nmdr"/>
    <property name="user.language" value="en"/>
    <property name="java.specification.vendor" value="Oracle Corporation"/>
    <property name="java.version.date" value="2025-01-21"/>
    <property name="java.home" value="/usr/lib/jvm/java-17-openjdk-amd64"/>
    <property name="file.separator" value="/"/>
    <property name="basedir" value="/home/nmdr/projects/css430/Project5UnitTest/filesystem_unit_test"/>
    <property name="java.vm.compressedOopsMode" value="Zero based"/>
    <property name="line.separator" value="&#10;"/>
    <property name="java.vm.specification.vendor" value="Oracle Corporation"/>
    <property name="java.specification.name" value="Java Platform API Specification"/>
    <property name="surefire.real.class.path" value="/home/nmdr/projects/css430/Project5UnitTest/filesystem_unit_test/target/surefire/surefirebooter-20250320193524475_3.jar"/>
    <property name="sun.management.compiler" value="HotSpot 64-Bit Tiered Compilers"/>
    <property name="java.runtime.version" value="17.0.14+7-Ubuntu-124.04"/>
    <property name="user.name" value="nmdr"/>
    <property name="path.separator" value=":"/>
    <property name="os.version" value="6.6.72+"/>
    <property name="java.runtime.name" value="OpenJDK Runtime Environment"/>
    <property name="file.encoding" value="UTF-8"/>
    <property name="java.vm.name" value="OpenJDK 64-Bit Server VM"/>
    <property name="localRepository" value="/home/nmdr/.m2/repository"/>
    <property name="java.vendor.url.bug" value="https://bugs.launchpad.net/ubuntu/+source/openjdk-17"/>
    <property name="java.io.tmpdir" value="/tmp"/>
    <property name="java.version" value="17.0.14"/>
    <property name="user.dir" value="/home/nmdr/projects/css430/Project5UnitTest/filesystem_unit_test"/>
    <property name="os.arch" value="amd64"/>
    <property name="java.vm.specification.name" value="Java Virtual Machine Specification"/>
    <property name="native.encoding" value="UTF-8"/>
    <property name="java.library.path" value="/usr/java/packages/lib:/usr/lib/x86_64-linux-gnu/jni:/lib/x86_64-linux-gnu:/usr/lib/x86_64-linux-gnu:/usr/lib/jni:/lib:/usr/lib"/>
    <property name="java.vm.info" value="mixed mode, sharing"/>
    <property name="java.vendor" value="Ubuntu"/>
    <property name="java.vm.version" value="17.0.14+7-Ubuntu-124.04"/>
    <property name="java.specification.maintenance.version" value="1"/>
    <property name="sun.io.unicode.encoding" value="UnicodeLittle"/>
    <property name="java.class.version" value="61.0"/>
  </properties>
  <testcase name="testFindIndexBlock" classname="com.example.InodeTest" time="0.004"/>
  <testcase name="testPrintDefault" classname="com.example.InodeTest" time="0.016">
    <system-err><![CDATA[Inode Debug Information:
  Length: 0
  Count: 0
  Flag: 1
  Direct Pointers:
    direct[0]: -1
    direct[1]: -1
    direct[2]: -1
    direct[3]: -1
    direct[4]: -1
    direct[5]: -1
    direct[6]: -1
    direct[7]: -1
    direct[8]: -1
    direct[9]: -1
    direct[10]: -1
  Indirect Pointer: -1
End Inode Debug Information.
]]></system-err>
  </testcase>
  <testcase name="testInodeConstructor_FromDisk" classname="com.example.InodeTest" time="0.004"/>
  <testcase name="testFindTargetBlock" classname="com.example.InodeTest" time="0.003"/>
  <testcase name="testUnregisterIndexBlock_IndirectBlockAssigned" classname="com.example.InodeTest" time="0.005"/>
  <testcase name="testInodeConstants" classname="com.example.InodeTest" time="0.005"/>
  <testcase name="testUnregisterIndexBlock_IndirectBlockAssigned_All_NegOne" classname="com.example.InodeTest" time="0.003"/>
  <testcase name="testPrintWithData" classname="com.example.InodeTest" time="0.007">
    <system-err><![CDATA[Inode Debug Information:
  Length: 919
  Count: 18
  Flag: 2
  Direct Pointers:
    direct[0]: 92
    direct[1]: 361
    direct[2]: 645
    direct[3]: 402
    direct[4]: 470
    direct[5]: 680
    direct[6]: 692
    direct[7]: 379
    direct[8]: 427
    direct[9]: 639
    direct[10]: 209
  Indirect Pointer: 601
End Inode Debug Information.
]]></system-err>
  </testcase>
  <testcase name="testUnregisterIndexBlock_NoIndirectBlockAssigned" classname="com.example.InodeTest" time="0.003"/>
  <testcase name="testInodeConstructor_NewInode" classname="com.example.InodeTest" time="0.002"/>
  <testcase name="testToDisk" classname="com.example.InodeTest" time="0.002"/>
</testsuite>